Importer Log Report
Project : DISCO Motor Speed Drive 3-0002.PrjPcb

Section : Import Document - G:\My Drive\Printed Circuit Boards\Jason\DISCO\DISCO Motor Speed Drive 3-0002\Imported Files\TCA9548APWR.lia
    Section : PCB Library - TCA9548APWR.PcbLib
        Section : Load Messages
            Warning - 1 : Skipping Token TCA9548APWR On Line 141
            Warning - 1 : Skipping Token attachedSymbol On Line 408
        EndSection
    EndSection

    Section : SCH Library - TCA9548APWR.SchLib
        Section : Parsing Messages
            Warning - 1 : Skipping Token padStyleDef On Line 9
            Warning - 1 : Skipping Token multiLayer On Line 84
            Warning - 1 : Skipping Token layerContents On Line 110
            Warning - 1 : Skipping Token layerContents On Line 119
            Warning - 1 : Skipping Token layerContents On Line 128
            Warning - 1 : Skipping Token layerContents On Line 133
        EndSection
    EndSection
EndSection
