Added Component: Designator=U3(*SOP65P640X120-14N)
Added Component: Designator=U4(*SOP65P640X120-14N)
Added Pin To Net: NetName=VA- Pin=U3-1
Added Pin To Net: NetName=VA- Pin=U3-2
Added Pin To Net: NetName=VA+ Pin=U3-3
Added Pin To Net: NetName=+1.25 Pin=U3-4
Added Pin To Net: NetName=VB+ Pin=U3-5
Added Pin To Net: NetName=VB- Pin=U3-6
Added Pin To Net: NetName=VB- Pin=U3-7
Added Pin To Net: NetName=VB- Pin=U3-10
Added Pin To Net: NetName=-1.25 Pin=U3-11
Added Pin To Net: NetName=VA- Pin=U3-12
Added Pin To Net: NetName=VC- Pin=U4-1
Added Pin To Net: NetName=VC- Pin=U4-2
Added Pin To Net: NetName=VC+ Pin=U4-3
Added Pin To Net: NetName=+1.25 Pin=U4-4
Added Pin To Net: NetName=-1.25 Pin=U4-11
Added Pin To Net: NetName=VC- Pin=U4-12
Added Pin To Net: NetName=NetU3_8 Pin=U3-8
Added Pin To Net: NetName=NetU3_8 Pin=U3-9
Added Net: Name=NetU3_8
Added Pin To Net: NetName=NetU3_13 Pin=U3-13
Added Pin To Net: NetName=NetU3_13 Pin=U3-14
Added Net: Name=NetU3_13
Added Pin To Net: NetName=NetU4_13 Pin=U4-13
Added Pin To Net: NetName=NetU4_13 Pin=U4-14
Added Net: Name=NetU4_13
Added Member To Class: ClassName=Sheet1 Member=Component U3 TLV6004
Added Member To Class: ClassName=Sheet1 Member=Component U4 TLV6004
