Removed Pin From Net: NetName=NetC2_2 Pin=C3-2
Removed Pin From Net: NetName=NetC2_2 Pin=U1-1
Removed Pin From Net: NetName=NetR4_1 Pin=U3-1
Removed Pin From Net: NetName=VA- Pin=U3-2
Removed Pin From Net: NetName=VA+ Pin=U3-3
Removed Pin From Net: NetName=VB+ Pin=U3-5
Removed Pin From Net: NetName=VB- Pin=U3-6
Removed Pin From Net: NetName=NetR5_1 Pin=U3-7
Removed Pin From Net: NetName=NetR6_1 Pin=U4-1
Removed Pin From Net: NetName=VC- Pin=U4-2
Removed Pin From Net: NetName=VC+ Pin=U4-3
Added Pin To Net: NetName=+3.3 Pin=C3-2
Added Pin To Net: NetName=NetC2_2 Pin=R8-1
Added Pin To Net: NetName=+3.3 Pin=U1-1
Added Pin To Net: NetName=VA- Pin=U3-5
Added Pin To Net: NetName=VA+ Pin=U3-6
Added Pin To Net: NetName=NetR4_1 Pin=U3-7
Added Pin To Net: NetName=NetR5_1 Pin=U4-1
Added Pin To Net: NetName=VB+ Pin=U4-2
Added Pin To Net: NetName=VB- Pin=U4-3
Added Pin To Net: NetName=VC- Pin=U4-5
Added Pin To Net: NetName=VC+ Pin=U4-6
Added Pin To Net: NetName=NetR6_1 Pin=U4-7
