Removed Pin From Net: NetName=SDA2 Pin=P1-2
Removed Pin From Net: NetName=SCL2 Pin=P1-5
Added Component: Designator=P2(flow sensor)
Added Component: Designator=U6(*SPARKFUN_WRL-13764)
Added Pin To Net: NetName=SDA1 Pin=P1-2
Added Pin To Net: NetName=SCL1 Pin=P1-5
Added Pin To Net: NetName=SDA2 Pin=P1-2
Added Pin To Net: NetName=+3.3 Pin=P1-3
Added Pin To Net: NetName=GND Pin=P1-4
Added Pin To Net: NetName=SCL2 Pin=P1-5
Added Pin To Net: NetName=+5 Pin=U6-1
Added Pin To Net: NetName=+5 Pin=U6-1
Added Pin To Net: NetName=GND Pin=U6-2
Added Pin To Net: NetName=GND Pin=U6-2
Added Pin To Net: NetName=TX1 Pin=U6-3
Added Pin To Net: NetName=TX1 Pin=U6-3
Added Pin To Net: NetName=RX1 Pin=U6-4
Added Pin To Net: NetName=RX1 Pin=U6-4
Added Pin To Net: NetName=SDA Pin=U6-13
Added Pin To Net: NetName=SDA Pin=U6-13
Added Pin To Net: NetName=SCL Pin=U6-14
Added Pin To Net: NetName=SCL Pin=U6-14
Added Pin To Net: NetName=EN AT Pin=U6-18
Added Pin To Net: NetName=EN AT Pin=U6-18
Added Pin To Net: NetName=EN 3.3 Pin=U6-20
Added Pin To Net: NetName=EN 3.3 Pin=U6-20
Added Pin To Net: NetName=GND Pin=U6-21
Added Pin To Net: NetName=GND Pin=U6-21
Added Pin To Net: NetName=TX2 Pin=U6-28
Added Pin To Net: NetName=RX2 Pin=U6-29
Added Member To Class: ClassName=Sheet1 Member=Component P2 Header 6
Added Member To Class: ClassName=Sheet1 Member=Component U6 WRL-13764
