Removed Pin From Net: NetName=VA- Pin=U3-1
Removed Pin From Net: NetName=VA- Pin=U3-2
Removed Pin From Net: NetName=VA+ Pin=U3-3
Removed Pin From Net: NetName=+1.25 Pin=U3-4
Removed Pin From Net: NetName=VB+ Pin=U3-5
Removed Pin From Net: NetName=VB- Pin=U3-6
Removed Pin From Net: NetName=VB- Pin=U3-7
Removed Pin From Net: NetName=VB- Pin=U3-10
Removed Pin From Net: NetName=-1.25 Pin=U3-11
Removed Pin From Net: NetName=VA- Pin=U3-12
Removed Pin From Net: NetName=VC- Pin=U4-1
Removed Pin From Net: NetName=VC- Pin=U4-2
Removed Pin From Net: NetName=VC+ Pin=U4-3
Removed Pin From Net: NetName=+1.25 Pin=U4-4
Removed Pin From Net: NetName=-1.25 Pin=U4-11
Removed Pin From Net: NetName=VC- Pin=U4-12
Change Component Footprint: Designator=U3 Old Footprint=*SOP65P640X120-14N New Footprint=resistor Bus
Change Component Footprint: Designator=U4 Old Footprint=*SOP65P640X120-14N New Footprint=resistor Bus
Change Component Comment : Designator=U3 Old Comment=TLV6004 New Comment=Res1
Change Component Comment : Designator=U4 Old Comment=TLV6004 New Comment=Res1
Added Component: Designator=R1(resistor Bus)
Added Component: Designator=R6(resistor Bus)
Added Pin To Net: NetName=GND Pin=R1-1
Added Pin To Net: NetName=VA+ Pin=R1-2
Added Pin To Net: NetName=VB+ Pin=R1-3
Added Pin To Net: NetName=VC+ Pin=R1-4
Added Pin To Net: NetName=NetR6_1 Pin=R6-1
Added Pin To Net: NetName=NetR2_2 Pin=R6-2
Added Pin To Net: NetName=NetR4_2 Pin=R6-3
Added Pin To Net: NetName=NetR5_2 Pin=R6-4
Added Member To Class: ClassName=Sheet1 Member=Component R1 Res1
Added Member To Class: ClassName=Sheet1 Member=Component R6 Res1
